<?xml version="1.0" encoding="UTF-8"?>
<coverage generated="1648071689965" clover="3.2.0">
  <project timestamp="1648071689965" name="All files">
    <metrics statements="70" coveredstatements="53" conditionals="31" coveredconditionals="20" methods="23" coveredmethods="16" elements="124" coveredelements="89" complexity="0" loc="70" ncloc="70" packages="6" files="7" classes="7"/>
    <package name="dynamodb">
      <metrics statements="21" coveredstatements="15" conditionals="2" coveredconditionals="1" methods="7" coveredmethods="4"/>
      <file name="queries.ts" path="C:\Users\tyler\Desktop\Serverless Framework\Wormhole\src\main\dynamodb\queries.ts">
        <metrics statements="21" coveredstatements="15" conditionals="2" coveredconditionals="1" methods="7" coveredmethods="4"/>
        <line num="1" count="3" type="stmt"/>
        <line num="3" count="3" type="stmt"/>
        <line num="5" count="3" type="stmt"/>
        <line num="7" count="3" type="stmt"/>
        <line num="8" count="1" type="stmt"/>
        <line num="18" count="0" type="stmt"/>
        <line num="20" count="1" type="stmt"/>
        <line num="23" count="3" type="stmt"/>
        <line num="24" count="0" type="stmt"/>
        <line num="42" count="3" type="stmt"/>
        <line num="43" count="1" type="stmt"/>
        <line num="50" count="1" type="stmt"/>
        <line num="52" count="1" type="stmt"/>
        <line num="53" count="1" type="cond" truecount="1" falsecount="1"/>
        <line num="54" count="0" type="stmt"/>
        <line num="57" count="1" type="stmt"/>
        <line num="61" count="3" type="stmt"/>
        <line num="62" count="1" type="stmt"/>
        <line num="64" count="0" type="stmt"/>
        <line num="81" count="0" type="stmt"/>
        <line num="84" count="0" type="stmt"/>
      </file>
    </package>
    <package name="lambda-functions.lambda-request-samples">
      <metrics statements="8" coveredstatements="4" conditionals="2" coveredconditionals="1" methods="6" coveredmethods="2"/>
      <file name="mockCallback.ts" path="C:\Users\tyler\Desktop\Serverless Framework\Wormhole\src\main\lambda-functions\lambda-request-samples\mockCallback.ts">
        <metrics statements="2" coveredstatements="2" conditionals="2" coveredconditionals="1" methods="1" coveredmethods="1"/>
        <line num="1" count="4" type="stmt"/>
        <line num="3" count="5" type="cond" truecount="1" falsecount="1"/>
      </file>
      <file name="mockContext.ts" path="C:\Users\tyler\Desktop\Serverless Framework\Wormhole\src\main\lambda-functions\lambda-request-samples\mockContext.ts">
        <metrics statements="6" coveredstatements="2" conditionals="0" coveredconditionals="0" methods="5" coveredmethods="1"/>
        <line num="1" count="4" type="stmt"/>
        <line num="2" count="5" type="stmt"/>
        <line num="12" count="0" type="stmt"/>
        <line num="15" count="0" type="stmt"/>
        <line num="18" count="0" type="stmt"/>
        <line num="21" count="0" type="stmt"/>
      </file>
    </package>
    <package name="lambda-functions.top100Users">
      <metrics statements="8" coveredstatements="6" conditionals="2" coveredconditionals="1" methods="2" coveredmethods="2"/>
      <file name="index.ts" path="C:\Users\tyler\Desktop\Serverless Framework\Wormhole\src\main\lambda-functions\top100Users\index.ts">
        <metrics statements="8" coveredstatements="6" conditionals="2" coveredconditionals="1" methods="2" coveredmethods="2"/>
        <line num="2" count="1" type="stmt"/>
        <line num="3" count="1" type="stmt"/>
        <line num="6" count="1" type="stmt"/>
        <line num="7" count="1" type="cond" truecount="1" falsecount="1"/>
        <line num="8" count="0" type="stmt"/>
        <line num="10" count="1" type="stmt"/>
        <line num="11" count="1" type="stmt"/>
        <line num="13" count="0" type="stmt"/>
      </file>
    </package>
    <package name="lambda-functions.upsertUser">
      <metrics statements="10" coveredstatements="7" conditionals="2" coveredconditionals="1" methods="2" coveredmethods="2"/>
      <file name="index.ts" path="C:\Users\tyler\Desktop\Serverless Framework\Wormhole\src\main\lambda-functions\upsertUser\index.ts">
        <metrics statements="10" coveredstatements="7" conditionals="2" coveredconditionals="1" methods="2" coveredmethods="2"/>
        <line num="3" count="1" type="stmt"/>
        <line num="4" count="1" type="stmt"/>
        <line num="7" count="2" type="stmt"/>
        <line num="9" count="2" type="cond" truecount="1" falsecount="1"/>
        <line num="10" count="0" type="stmt"/>
        <line num="13" count="2" type="stmt"/>
        <line num="14" count="2" type="stmt"/>
        <line num="15" count="0" type="stmt"/>
        <line num="17" count="0" type="stmt"/>
        <line num="19" count="2" type="stmt"/>
      </file>
    </package>
    <package name="lambda-functions.userPosition">
      <metrics statements="9" coveredstatements="8" conditionals="14" coveredconditionals="10" methods="2" coveredmethods="2"/>
      <file name="index.ts" path="C:\Users\tyler\Desktop\Serverless Framework\Wormhole\src\main\lambda-functions\userPosition\index.ts">
        <metrics statements="9" coveredstatements="8" conditionals="14" coveredconditionals="10" methods="2" coveredmethods="2"/>
        <line num="3" count="1" type="stmt"/>
        <line num="4" count="1" type="stmt"/>
        <line num="6" count="1" type="stmt"/>
        <line num="7" count="1" type="cond" truecount="1" falsecount="1"/>
        <line num="8" count="0" type="stmt"/>
        <line num="11" count="1" type="stmt"/>
        <line num="12" count="1" type="cond" truecount="9" falsecount="3"/>
        <line num="13" count="1" type="stmt"/>
        <line num="15" count="1" type="stmt"/>
      </file>
    </package>
    <package name="utilities">
      <metrics statements="14" coveredstatements="13" conditionals="9" coveredconditionals="6" methods="4" coveredmethods="4"/>
      <file name="functions.ts" path="C:\Users\tyler\Desktop\Serverless Framework\Wormhole\src\main\utilities\functions.ts">
        <metrics statements="14" coveredstatements="13" conditionals="9" coveredconditionals="6" methods="4" coveredmethods="4"/>
        <line num="1" count="4" type="stmt"/>
        <line num="4" count="4" type="stmt"/>
        <line num="5" count="1" type="stmt"/>
        <line num="11" count="4" type="stmt"/>
        <line num="12" count="4" type="cond" truecount="2" falsecount="0"/>
        <line num="13" count="2" type="cond" truecount="2" falsecount="3"/>
        <line num="14" count="2" type="stmt"/>
        <line num="15" count="0" type="stmt"/>
        <line num="22" count="4" type="stmt"/>
        <line num="23" count="5" type="stmt"/>
        <line num="32" count="4" type="stmt"/>
        <line num="33" count="6" type="cond" truecount="2" falsecount="0"/>
        <line num="34" count="1" type="stmt"/>
        <line num="36" count="5" type="stmt"/>
      </file>
    </package>
  </project>
</coverage>
