{"C:\\Users\\tyler\\Desktop\\Serverless Framework\\Wormhole\\src\\main\\dynamodb\\queries.ts": {"path":"C:\\Users\\tyler\\Desktop\\Serverless Framework\\Wormhole\\src\\main\\dynamodb\\queries.ts","statementMap":{"0":{"start":{"line":1,"column":0},"end":{"line":1,"column":26}},"1":{"start":{"line":3,"column":0},"end":{"line":3,"column":62}},"2":{"start":{"line":5,"column":12},"end":{"line":5,"column":45}},"3":{"start":{"line":8,"column":4},"end":{"line":19,"column":null}},"4":{"start":{"line":18,"column":20},"end":{"line":18,"column":80}},"5":{"start":{"line":20,"column":4},"end":{"line":20,"column":75}},"6":{"start":{"line":7,"column":0},"end":{"line":7,"column":16}},"7":{"start":{"line":24,"column":4},"end":{"line":38,"column":17}},"8":{"start":{"line":23,"column":0},"end":{"line":23,"column":16}},"9":{"start":{"line":43,"column":15},"end":{"line":48,"column":4}},"10":{"start":{"line":50,"column":23},"end":{"line":50,"column":56}},"11":{"start":{"line":52,"column":2},"end":{"line":55,"column":5}},"12":{"start":{"line":53,"column":4},"end":{"line":54,"column":21}},"13":{"start":{"line":53,"column":13},"end":{"line":53,"column":30}},"14":{"start":{"line":54,"column":9},"end":{"line":54,"column":21}},"15":{"start":{"line":57,"column":2},"end":{"line":57,"column":38}},"16":{"start":{"line":42,"column":0},"end":{"line":42,"column":16}},"17":{"start":{"line":62,"column":25},"end":{"line":62,"column":42}},"18":{"start":{"line":64,"column":4},"end":{"line":82,"column":null}},"19":{"start":{"line":81,"column":20},"end":{"line":81,"column":80}},"20":{"start":{"line":84,"column":4},"end":{"line":84,"column":75}},"21":{"start":{"line":61,"column":0},"end":{"line":61,"column":16}}},"fnMap":{"0":{"name":"getTop100Users","decl":{"start":{"line":7,"column":16},"end":{"line":7,"column":30}},"loc":{"start":{"line":7,"column":30},"end":{"line":21,"column":1}}},"1":{"name":"(anonymous_2)","decl":{"start":{"line":18,"column":10},"end":{"line":18,"column":14}},"loc":{"start":{"line":18,"column":17},"end":{"line":18,"column":80}}},"2":{"name":"upsertUser","decl":{"start":{"line":23,"column":16},"end":{"line":23,"column":26}},"loc":{"start":{"line":23,"column":36},"end":{"line":39,"column":3}}},"3":{"name":"getUser","decl":{"start":{"line":42,"column":16},"end":{"line":42,"column":23}},"loc":{"start":{"line":42,"column":39},"end":{"line":58,"column":1}}},"4":{"name":"(anonymous_5)","decl":{"start":{"line":52,"column":29},"end":{"line":52,"column":38}},"loc":{"start":{"line":52,"column":47},"end":{"line":55,"column":3}}},"5":{"name":"getUserPosition","decl":{"start":{"line":61,"column":16},"end":{"line":61,"column":31}},"loc":{"start":{"line":61,"column":47},"end":{"line":85,"column":1}}},"6":{"name":"(anonymous_7)","decl":{"start":{"line":81,"column":10},"end":{"line":81,"column":14}},"loc":{"start":{"line":81,"column":17},"end":{"line":81,"column":80}}}},"branchMap":{"0":{"loc":{"start":{"line":53,"column":4},"end":{"line":54,"column":21}},"type":"if","locations":[{"start":{"line":53,"column":4},"end":{"line":54,"column":21}},{"start":{"line":53,"column":4},"end":{"line":54,"column":21}}]}},"s":{"0":3,"1":3,"2":3,"3":1,"4":0,"5":1,"6":3,"7":0,"8":3,"9":1,"10":1,"11":1,"12":1,"13":1,"14":0,"15":1,"16":3,"17":1,"18":0,"19":0,"20":0,"21":3},"f":{"0":1,"1":0,"2":0,"3":1,"4":1,"5":1,"6":0},"b":{"0":[1,0]}}
,"C:\\Users\\tyler\\Desktop\\Serverless Framework\\Wormhole\\src\\main\\lambda-functions\\lambda-request-samples\\mockCallback.ts": {"path":"C:\\Users\\tyler\\Desktop\\Serverless Framework\\Wormhole\\src\\main\\lambda-functions\\lambda-request-samples\\mockCallback.ts","statementMap":{"0":{"start":{"line":1,"column":13},"end":{"line":4,"column":9}},"1":{"start":{"line":3,"column":8},"end":{"line":3,"column":48}},"2":{"start":{"line":3,"column":22},"end":{"line":3,"column":48}}},"fnMap":{"0":{"name":"(anonymous_0)","decl":{"start":{"line":2,"column":33},"end":{"line":2,"column":34}},"loc":{"start":{"line":2,"column":46},"end":{"line":4,"column":7}}}},"branchMap":{"0":{"loc":{"start":{"line":3,"column":8},"end":{"line":3,"column":48}},"type":"if","locations":[{"start":{"line":3,"column":8},"end":{"line":3,"column":48}},{"start":{"line":3,"column":8},"end":{"line":3,"column":48}}]}},"s":{"0":4,"1":5,"2":0},"f":{"0":5},"b":{"0":[0,5]}}
,"C:\\Users\\tyler\\Desktop\\Serverless Framework\\Wormhole\\src\\main\\lambda-functions\\lambda-request-samples\\mockContext.ts": {"path":"C:\\Users\\tyler\\Desktop\\Serverless Framework\\Wormhole\\src\\main\\lambda-functions\\lambda-request-samples\\mockContext.ts","statementMap":{"0":{"start":{"line":1,"column":33},"end":{"line":24,"column":1}},"1":{"start":{"line":2,"column":4},"end":{"line":23,"column":null}},"2":{"start":{"line":12,"column":8},"end":{"line":12,"column":53}},"3":{"start":{"line":15,"column":8},"end":{"line":15,"column":53}},"4":{"start":{"line":18,"column":8},"end":{"line":18,"column":53}},"5":{"start":{"line":21,"column":8},"end":{"line":21,"column":53}},"6":{"start":{"line":1,"column":13},"end":{"line":1,"column":33}}},"fnMap":{"0":{"name":"(anonymous_0)","decl":{"start":{"line":1,"column":33},"end":{"line":1,"column":35}},"loc":{"start":{"line":1,"column":37},"end":{"line":24,"column":1}}},"1":{"name":"(anonymous_1)","decl":{"start":{"line":11,"column":30},"end":{"line":11,"column":null}},"loc":{"start":{"line":11,"column":30},"end":{"line":13,"column":5}}},"2":{"name":"(anonymous_2)","decl":{"start":{"line":14,"column":10},"end":{"line":14,"column":20}},"loc":{"start":{"line":14,"column":47},"end":{"line":16,"column":5}}},"3":{"name":"(anonymous_3)","decl":{"start":{"line":17,"column":10},"end":{"line":17,"column":20}},"loc":{"start":{"line":17,"column":41},"end":{"line":19,"column":5}}},"4":{"name":"(anonymous_4)","decl":{"start":{"line":20,"column":13},"end":{"line":20,"column":23}},"loc":{"start":{"line":20,"column":43},"end":{"line":22,"column":5}}}},"branchMap":{},"s":{"0":4,"1":5,"2":0,"3":0,"4":0,"5":0,"6":4},"f":{"0":5,"1":0,"2":0,"3":0,"4":0},"b":{}}
,"C:\\Users\\tyler\\Desktop\\Serverless Framework\\Wormhole\\src\\main\\lambda-functions\\top100Users\\index.ts": {"path":"C:\\Users\\tyler\\Desktop\\Serverless Framework\\Wormhole\\src\\main\\lambda-functions\\top100Users\\index.ts","statementMap":{"0":{"start":{"line":2,"column":0},"end":{"line":2,"column":94}},"1":{"start":{"line":3,"column":0},"end":{"line":3,"column":56}},"2":{"start":{"line":6,"column":46},"end":{"line":15,"column":null}},"3":{"start":{"line":6,"column":92},"end":{"line":15,"column":null}},"4":{"start":{"line":7,"column":2},"end":{"line":9,"column":null}},"5":{"start":{"line":8,"column":4},"end":{"line":8,"column":68}},"6":{"start":{"line":10,"column":2},"end":{"line":14,"column":null}},"7":{"start":{"line":11,"column":4},"end":{"line":11,"column":28}},"8":{"start":{"line":13,"column":4},"end":{"line":13,"column":55}},"9":{"start":{"line":6,"column":14},"end":{"line":6,"column":46}}},"fnMap":{"0":{"name":"(anonymous_7)","decl":{"start":{"line":6,"column":46},"end":{"line":6,"column":53}},"loc":{"start":{"line":6,"column":92},"end":{"line":15,"column":null}}},"1":{"name":"(anonymous_8)","decl":{"start":{"line":6,"column":92},"end":{"line":6,"column":null}},"loc":{"start":{"line":6,"column":92},"end":{"line":15,"column":1}}}},"branchMap":{"0":{"loc":{"start":{"line":7,"column":2},"end":{"line":9,"column":null}},"type":"if","locations":[{"start":{"line":7,"column":2},"end":{"line":9,"column":null}},{"start":{"line":7,"column":2},"end":{"line":9,"column":null}}]}},"s":{"0":1,"1":1,"2":1,"3":1,"4":1,"5":0,"6":1,"7":1,"8":0,"9":1},"f":{"0":1,"1":1},"b":{"0":[0,1]}}
,"C:\\Users\\tyler\\Desktop\\Serverless Framework\\Wormhole\\src\\main\\lambda-functions\\upsertUser\\index.ts": {"path":"C:\\Users\\tyler\\Desktop\\Serverless Framework\\Wormhole\\src\\main\\lambda-functions\\upsertUser\\index.ts","statementMap":{"0":{"start":{"line":3,"column":0},"end":{"line":3,"column":52}},"1":{"start":{"line":4,"column":0},"end":{"line":4,"column":115}},"2":{"start":{"line":7,"column":41},"end":{"line":21,"column":null}},"3":{"start":{"line":7,"column":87},"end":{"line":21,"column":null}},"4":{"start":{"line":9,"column":2},"end":{"line":11,"column":null}},"5":{"start":{"line":10,"column":4},"end":{"line":10,"column":68}},"6":{"start":{"line":13,"column":2},"end":{"line":20,"column":null}},"7":{"start":{"line":14,"column":30},"end":{"line":14,"column":55}},"8":{"start":{"line":15,"column":18},"end":{"line":15,"column":48}},"9":{"start":{"line":17,"column":4},"end":{"line":17,"column":56}},"10":{"start":{"line":19,"column":4},"end":{"line":19,"column":55}},"11":{"start":{"line":7,"column":13},"end":{"line":7,"column":41}}},"fnMap":{"0":{"name":"(anonymous_7)","decl":{"start":{"line":7,"column":41},"end":{"line":7,"column":48}},"loc":{"start":{"line":7,"column":87},"end":{"line":21,"column":null}}},"1":{"name":"(anonymous_8)","decl":{"start":{"line":7,"column":87},"end":{"line":7,"column":null}},"loc":{"start":{"line":7,"column":87},"end":{"line":21,"column":1}}}},"branchMap":{"0":{"loc":{"start":{"line":9,"column":2},"end":{"line":11,"column":null}},"type":"if","locations":[{"start":{"line":9,"column":2},"end":{"line":11,"column":null}},{"start":{"line":9,"column":2},"end":{"line":11,"column":null}}]}},"s":{"0":1,"1":1,"2":1,"3":2,"4":2,"5":0,"6":2,"7":2,"8":0,"9":0,"10":2,"11":1},"f":{"0":2,"1":2},"b":{"0":[0,2]}}
,"C:\\Users\\tyler\\Desktop\\Serverless Framework\\Wormhole\\src\\main\\lambda-functions\\userPosition\\index.ts": {"path":"C:\\Users\\tyler\\Desktop\\Serverless Framework\\Wormhole\\src\\main\\lambda-functions\\userPosition\\index.ts","statementMap":{"0":{"start":{"line":3,"column":0},"end":{"line":3,"column":57}},"1":{"start":{"line":4,"column":0},"end":{"line":4,"column":94}},"2":{"start":{"line":6,"column":46},"end":{"line":17,"column":null}},"3":{"start":{"line":6,"column":92},"end":{"line":17,"column":null}},"4":{"start":{"line":7,"column":2},"end":{"line":9,"column":null}},"5":{"start":{"line":8,"column":4},"end":{"line":8,"column":68}},"6":{"start":{"line":11,"column":2},"end":{"line":16,"column":null}},"7":{"start":{"line":12,"column":21},"end":{"line":12,"column":82}},"8":{"start":{"line":13,"column":4},"end":{"line":13,"column":37}},"9":{"start":{"line":15,"column":4},"end":{"line":15,"column":55}},"10":{"start":{"line":6,"column":13},"end":{"line":6,"column":46}}},"fnMap":{"0":{"name":"(anonymous_7)","decl":{"start":{"line":6,"column":46},"end":{"line":6,"column":53}},"loc":{"start":{"line":6,"column":92},"end":{"line":17,"column":null}}},"1":{"name":"(anonymous_8)","decl":{"start":{"line":6,"column":92},"end":{"line":6,"column":null}},"loc":{"start":{"line":6,"column":92},"end":{"line":17,"column":1}}}},"branchMap":{"0":{"loc":{"start":{"line":7,"column":2},"end":{"line":9,"column":null}},"type":"if","locations":[{"start":{"line":7,"column":2},"end":{"line":9,"column":null}},{"start":{"line":7,"column":2},"end":{"line":9,"column":null}}]},"1":{"loc":{"start":{"line":12,"column":54},"end":{"line":12,"column":56}},"type":"cond-expr","locations":[{"start":{"line":12,"column":54},"end":{"line":12,"column":56}},{"start":{"line":12,"column":54},"end":{"line":12,"column":82}}]},"2":{"loc":{"start":{"line":12,"column":21},"end":{"line":12,"column":56}},"type":"binary-expr","locations":[{"start":{"line":12,"column":21},"end":{"line":12,"column":56}},{"start":{"line":12,"column":54},"end":{"line":12,"column":56}}]},"3":{"loc":{"start":{"line":12,"column":42},"end":{"line":12,"column":44}},"type":"cond-expr","locations":[{"start":{"line":12,"column":42},"end":{"line":12,"column":44}},{"start":{"line":12,"column":42},"end":{"line":12,"column":54}}]},"4":{"loc":{"start":{"line":12,"column":21},"end":{"line":12,"column":44}},"type":"binary-expr","locations":[{"start":{"line":12,"column":21},"end":{"line":12,"column":44}},{"start":{"line":12,"column":42},"end":{"line":12,"column":44}}]},"5":{"loc":{"start":{"line":12,"column":26},"end":{"line":12,"column":28}},"type":"cond-expr","locations":[{"start":{"line":12,"column":26},"end":{"line":12,"column":28}},{"start":{"line":12,"column":21},"end":{"line":12,"column":42}}]},"6":{"loc":{"start":{"line":12,"column":21},"end":{"line":12,"column":28}},"type":"binary-expr","locations":[{"start":{"line":12,"column":21},"end":{"line":12,"column":28}},{"start":{"line":12,"column":21},"end":{"line":12,"column":28}}]}},"s":{"0":1,"1":1,"2":1,"3":1,"4":1,"5":0,"6":1,"7":1,"8":1,"9":1,"10":1},"f":{"0":1,"1":1},"b":{"0":[0,1],"1":[0,1],"2":[1,1],"3":[0,1],"4":[1,1],"5":[0,1],"6":[1,1]}}
,"C:\\Users\\tyler\\Desktop\\Serverless Framework\\Wormhole\\src\\main\\utilities\\functions.ts": {"path":"C:\\Users\\tyler\\Desktop\\Serverless Framework\\Wormhole\\src\\main\\utilities\\functions.ts","statementMap":{"0":{"start":{"line":1,"column":0},"end":{"line":1,"column":37}},"1":{"start":{"line":5,"column":4},"end":{"line":8,"column":27}},"2":{"start":{"line":4,"column":0},"end":{"line":4,"column":16}},"3":{"start":{"line":12,"column":22},"end":{"line":12,"column":70}},"4":{"start":{"line":13,"column":2},"end":{"line":14,"column":43}},"5":{"start":{"line":14,"column":4},"end":{"line":14,"column":43}},"6":{"start":{"line":15,"column":2},"end":{"line":19,"column":4}},"7":{"start":{"line":11,"column":0},"end":{"line":11,"column":16}},"8":{"start":{"line":23,"column":4},"end":{"line":29,"column":null}},"9":{"start":{"line":22,"column":0},"end":{"line":22,"column":16}},"10":{"start":{"line":33,"column":4},"end":{"line":35,"column":null}},"11":{"start":{"line":34,"column":8},"end":{"line":34,"column":20}},"12":{"start":{"line":36,"column":6},"end":{"line":36,"column":19}},"13":{"start":{"line":32,"column":0},"end":{"line":32,"column":16}}},"fnMap":{"0":{"name":"toUrlString","decl":{"start":{"line":4,"column":16},"end":{"line":4,"column":27}},"loc":{"start":{"line":4,"column":38},"end":{"line":9,"column":1}}},"1":{"name":"parseUserFromEvent","decl":{"start":{"line":11,"column":16},"end":{"line":11,"column":34}},"loc":{"start":{"line":11,"column":44},"end":{"line":20,"column":1}}},"2":{"name":"CreateLambdaResponse","decl":{"start":{"line":22,"column":16},"end":{"line":22,"column":36}},"loc":{"start":{"line":22,"column":67},"end":{"line":30,"column":1}}},"3":{"name":"checkForInvalidAuthorization","decl":{"start":{"line":32,"column":16},"end":{"line":32,"column":44}},"loc":{"start":{"line":32,"column":54},"end":{"line":37,"column":1}}}},"branchMap":{"0":{"loc":{"start":{"line":12,"column":43},"end":{"line":12,"column":45}},"type":"cond-expr","locations":[{"start":{"line":12,"column":43},"end":{"line":12,"column":45}},{"start":{"line":12,"column":48},"end":{"line":12,"column":70}}]},"1":{"loc":{"start":{"line":13,"column":2},"end":{"line":14,"column":43}},"type":"if","locations":[{"start":{"line":13,"column":2},"end":{"line":14,"column":43}},{"start":{"line":13,"column":2},"end":{"line":14,"column":43}}]},"2":{"loc":{"start":{"line":13,"column":5},"end":{"line":13,"column":22}},"type":"binary-expr","locations":[{"start":{"line":13,"column":5},"end":{"line":13,"column":22}},{"start":{"line":13,"column":26},"end":{"line":13,"column":53}},{"start":{"line":13,"column":57},"end":{"line":13,"column":85}}]},"3":{"loc":{"start":{"line":33,"column":4},"end":{"line":35,"column":null}},"type":"if","locations":[{"start":{"line":33,"column":4},"end":{"line":35,"column":null}},{"start":{"line":33,"column":4},"end":{"line":35,"column":null}}]}},"s":{"0":4,"1":1,"2":4,"3":4,"4":2,"5":2,"6":0,"7":4,"8":5,"9":4,"10":6,"11":1,"12":5,"13":4},"f":{"0":1,"1":4,"2":5,"3":6},"b":{"0":[2,2],"1":[2,0],"2":[2,0,0],"3":[1,5]}}
}
