TN:
SF:C:\Users\tyler\Desktop\Serverless Framework\Wormhole\src\main\dynamodb\queries.ts
FN:7,getTop100Users
FN:18,(anonymous_2)
FN:23,upsertUser
FN:42,getUser
FN:52,(anonymous_5)
FN:61,getUserPosition
FN:81,(anonymous_7)
FNF:7
FNH:4
FNDA:1,getTop100Users
FNDA:0,(anonymous_2)
FNDA:0,upsertUser
FNDA:1,getUser
FNDA:1,(anonymous_5)
FNDA:1,getUserPosition
FNDA:0,(anonymous_7)
DA:1,3
DA:3,3
DA:5,3
DA:7,3
DA:8,1
DA:18,0
DA:20,1
DA:23,3
DA:24,0
DA:42,3
DA:43,1
DA:50,1
DA:52,1
DA:53,1
DA:54,0
DA:57,1
DA:61,3
DA:62,1
DA:64,0
DA:81,0
DA:84,0
LF:21
LH:15
BRDA:53,0,0,1
BRDA:53,0,1,0
BRF:2
BRH:1
end_of_record
TN:
SF:C:\Users\tyler\Desktop\Serverless Framework\Wormhole\src\main\lambda-functions\lambda-request-samples\mockCallback.ts
FN:2,(anonymous_0)
FNF:1
FNH:1
FNDA:5,(anonymous_0)
DA:1,4
DA:3,5
LF:2
LH:2
BRDA:3,0,0,0
BRDA:3,0,1,5
BRF:2
BRH:1
end_of_record
TN:
SF:C:\Users\tyler\Desktop\Serverless Framework\Wormhole\src\main\lambda-functions\lambda-request-samples\mockContext.ts
FN:1,(anonymous_0)
FN:11,(anonymous_1)
FN:14,(anonymous_2)
FN:17,(anonymous_3)
FN:20,(anonymous_4)
FNF:5
FNH:1
FNDA:5,(anonymous_0)
FNDA:0,(anonymous_1)
FNDA:0,(anonymous_2)
FNDA:0,(anonymous_3)
FNDA:0,(anonymous_4)
DA:1,4
DA:2,5
DA:12,0
DA:15,0
DA:18,0
DA:21,0
LF:6
LH:2
BRF:0
BRH:0
end_of_record
TN:
SF:C:\Users\tyler\Desktop\Serverless Framework\Wormhole\src\main\lambda-functions\top100Users\index.ts
FN:6,(anonymous_7)
FN:6,(anonymous_8)
FNF:2
FNH:2
FNDA:1,(anonymous_7)
FNDA:1,(anonymous_8)
DA:2,1
DA:3,1
DA:6,1
DA:7,1
DA:8,0
DA:10,1
DA:11,1
DA:13,0
LF:8
LH:6
BRDA:7,0,0,0
BRDA:7,0,1,1
BRF:2
BRH:1
end_of_record
TN:
SF:C:\Users\tyler\Desktop\Serverless Framework\Wormhole\src\main\lambda-functions\upsertUser\index.ts
FN:7,(anonymous_7)
FN:7,(anonymous_8)
FNF:2
FNH:2
FNDA:2,(anonymous_7)
FNDA:2,(anonymous_8)
DA:3,1
DA:4,1
DA:7,2
DA:9,2
DA:10,0
DA:13,2
DA:14,2
DA:15,0
DA:17,0
DA:19,2
LF:10
LH:7
BRDA:9,0,0,0
BRDA:9,0,1,2
BRF:2
BRH:1
end_of_record
TN:
SF:C:\Users\tyler\Desktop\Serverless Framework\Wormhole\src\main\lambda-functions\userPosition\index.ts
FN:6,(anonymous_7)
FN:6,(anonymous_8)
FNF:2
FNH:2
FNDA:1,(anonymous_7)
FNDA:1,(anonymous_8)
DA:3,1
DA:4,1
DA:6,1
DA:7,1
DA:8,0
DA:11,1
DA:12,1
DA:13,1
DA:15,1
LF:9
LH:8
BRDA:7,0,0,0
BRDA:7,0,1,1
BRDA:12,1,0,0
BRDA:12,1,1,1
BRDA:12,2,0,1
BRDA:12,2,1,1
BRDA:12,3,0,0
BRDA:12,3,1,1
BRDA:12,4,0,1
BRDA:12,4,1,1
BRDA:12,5,0,0
BRDA:12,5,1,1
BRDA:12,6,0,1
BRDA:12,6,1,1
BRF:14
BRH:10
end_of_record
TN:
SF:C:\Users\tyler\Desktop\Serverless Framework\Wormhole\src\main\utilities\functions.ts
FN:4,toUrlString
FN:11,parseUserFromEvent
FN:22,CreateLambdaResponse
FN:32,checkForInvalidAuthorization
FNF:4
FNH:4
FNDA:1,toUrlString
FNDA:4,parseUserFromEvent
FNDA:5,CreateLambdaResponse
FNDA:6,checkForInvalidAuthorization
DA:1,4
DA:4,4
DA:5,1
DA:11,4
DA:12,4
DA:13,2
DA:14,2
DA:15,0
DA:22,4
DA:23,5
DA:32,4
DA:33,6
DA:34,1
DA:36,5
LF:14
LH:13
BRDA:12,0,0,2
BRDA:12,0,1,2
BRDA:13,1,0,2
BRDA:13,1,1,0
BRDA:13,2,0,2
BRDA:13,2,1,0
BRDA:13,2,2,0
BRDA:33,3,0,1
BRDA:33,3,1,5
BRF:9
BRH:6
end_of_record
